<?xml version="1.0" encoding="UTF-8"?>
<!-- Generated by org.testng.reporters.JUnitXMLReporter -->
<testsuite hostname="Riaz" ignored="0" name="Regressiontesting" tests="7" failures="0" timestamp="2024-05-11T08:46:05 EDT" time="99.851" errors="0">
  <testcase name="f" time="0.378" classname="Capstone.AutomationPractice6.SignToAmazon"/>
  <testcase name="f" time="0.292" classname="Capstone.AutomationPractice6.Points"/>
  <testcase name="f" time="0.247" classname="Capstone.AutomationPractice6.Points"/>
  <testcase name="f" time="0.258" classname="Capstone.AutomationPractice6.Points"/>
  <testcase name="f" time="0.019" classname="Capstone.AutomationPractice6.Property"/>
  <testcase name="signin" time="0.358" classname="Capstone.AutomationPractice6.TestOfVerification6"/>
  <testcase name="f" time="6.341" classname="Capstone.AutomationPractice6.TestOfVerification6"/>
</testsuite> <!-- Regressiontesting -->
