<?xml version="1.0" encoding="UTF-8"?>
<!-- Generated by org.testng.reporters.JUnitXMLReporter -->
<testsuite hostname="Riaz" ignored="0" name="RegressiontestingEdge" tests="7" failures="0" timestamp="2024-05-11T08:46:17 EDT" time="111.794" errors="0">
  <testcase name="f" time="0.246" classname="Capstone.AutomationPractice6.SignToAmazon"/>
  <testcase name="f" time="0.358" classname="Capstone.AutomationPractice6.Points"/>
  <testcase name="f" time="0.366" classname="Capstone.AutomationPractice6.Points"/>
  <testcase name="f" time="0.287" classname="Capstone.AutomationPractice6.Points"/>
  <testcase name="f" time="0.029" classname="Capstone.AutomationPractice6.Property"/>
  <testcase name="signin" time="0.27" classname="Capstone.AutomationPractice6.TestOfVerification6"/>
  <testcase name="f" time="6.394" classname="Capstone.AutomationPractice6.TestOfVerification6"/>
</testsuite> <!-- RegressiontestingEdge -->
