<?xml version="1.0" encoding="UTF-8"?>
<!-- Generated by org.testng.reporters.JUnitXMLReporter -->
<testsuite hostname="Riaz" ignored="0" name="Regressiontesting" tests="7" failures="0" timestamp="2024-05-12T02:26:02 EDT" time="104.434" errors="0">
  <testcase name="f" time="0.641" classname="Capstone.AutomationPractice6.SignToAmazon"/>
  <testcase name="f" time="0.391" classname="Capstone.AutomationPractice6.Points"/>
  <testcase name="f" time="0.382" classname="Capstone.AutomationPractice6.Points"/>
  <testcase name="f" time="0.425" classname="Capstone.AutomationPractice6.Points"/>
  <testcase name="f" time="0.048" classname="Capstone.AutomationPractice6.Property"/>
  <testcase name="signin" time="0.38" classname="Capstone.AutomationPractice6.TestOfVerification6"/>
  <testcase name="f" time="6.512" classname="Capstone.AutomationPractice6.TestOfVerification6"/>
</testsuite> <!-- Regressiontesting -->
