<?xml version="1.0" encoding="UTF-8"?>
<testng-results skipped="0" failed="0" ignored="0" total="8" passed="8">
  <reporter-output>
  </reporter-output>
  <suite name="Functionaltestingsuite" duration-ms="104434" started-at="2024-05-12T02:24:17 EDT" finished-at="2024-05-12T02:26:02 EDT">
    <groups>
    </groups>
    <test name="RegressiontestingEdge" duration-ms="7874" started-at="2024-05-12T02:24:17 EDT" finished-at="2024-05-12T02:24:25 EDT">
      <class name="Capstone.AutomationPractice6.Property">
        <test-method status="PASS" signature="Browsers(java.lang.String,java.lang.String)[pri:0, instance:Capstone.AutomationPractice6.Property@2a70a3d8]" name="Browsers" is-config="true" duration-ms="3675" started-at="2024-05-12T02:24:17 EDT" finished-at="2024-05-12T02:24:21 EDT">
          <params>
            <param index="0">
              <value>
                <![CDATA[Edge]]>
              </value>
            </param>
            <param index="1">
              <value>
                <![CDATA[https://www.facebook.com]]>
              </value>
            </param>
          </params>
          <reporter-output>
          </reporter-output>
        </test-method> <!-- Browsers -->
        <test-method status="PASS" signature="f()[pri:0, instance:Capstone.AutomationPractice6.Property@2a70a3d8]" name="f" duration-ms="62" started-at="2024-05-12T02:24:21 EDT" finished-at="2024-05-12T02:24:21 EDT">
          <reporter-output>
          </reporter-output>
        </test-method> <!-- f -->
        <test-method status="PASS" signature="afterMethod()[pri:0, instance:Capstone.AutomationPractice6.Property@2a70a3d8]" name="afterMethod" is-config="true" duration-ms="3957" started-at="2024-05-12T02:24:21 EDT" finished-at="2024-05-12T02:24:25 EDT">
          <reporter-output>
          </reporter-output>
        </test-method> <!-- afterMethod -->
      </class> <!-- Capstone.AutomationPractice6.Property -->
    </test> <!-- RegressiontestingEdge -->
    <test name="Regressiontesting" duration-ms="104434" started-at="2024-05-12T02:24:17 EDT" finished-at="2024-05-12T02:26:02 EDT">
      <class name="Capstone.AutomationPractice6.TestOfVerification6">
        <test-method status="PASS" signature="Browsers(java.lang.String,java.lang.String)[pri:0, instance:Capstone.AutomationPractice6.TestOfVerification6@6121c9d6]" name="Browsers" is-config="true" duration-ms="2424" started-at="2024-05-12T02:25:21 EDT" finished-at="2024-05-12T02:25:24 EDT">
          <params>
            <param index="0">
              <value>
                <![CDATA[Chrome]]>
              </value>
            </param>
            <param index="1">
              <value>
                <![CDATA[https://www.facebook.com]]>
              </value>
            </param>
          </params>
          <reporter-output>
          </reporter-output>
        </test-method> <!-- Browsers -->
        <test-method status="PASS" signature="signin()[pri:1, instance:Capstone.AutomationPractice6.TestOfVerification6@6121c9d6]" name="signin" duration-ms="380" started-at="2024-05-12T02:25:24 EDT" finished-at="2024-05-12T02:25:24 EDT">
          <reporter-output>
          </reporter-output>
        </test-method> <!-- signin -->
        <test-method status="PASS" signature="afterMethod()[pri:0, instance:Capstone.AutomationPractice6.TestOfVerification6@6121c9d6]" name="afterMethod" is-config="true" duration-ms="4025" started-at="2024-05-12T02:25:45 EDT" finished-at="2024-05-12T02:25:49 EDT">
          <reporter-output>
          </reporter-output>
        </test-method> <!-- afterMethod -->
        <test-method status="PASS" signature="Browsers(java.lang.String,java.lang.String)[pri:0, instance:Capstone.AutomationPractice6.TestOfVerification6@6121c9d6]" name="Browsers" is-config="true" duration-ms="2358" started-at="2024-05-12T02:25:49 EDT" finished-at="2024-05-12T02:25:51 EDT">
          <params>
            <param index="0">
              <value>
                <![CDATA[Chrome]]>
              </value>
            </param>
            <param index="1">
              <value>
                <![CDATA[https://www.facebook.com]]>
              </value>
            </param>
          </params>
          <reporter-output>
          </reporter-output>
        </test-method> <!-- Browsers -->
        <test-method status="PASS" signature="f()[pri:2, instance:Capstone.AutomationPractice6.TestOfVerification6@6121c9d6]" name="f" duration-ms="6512" started-at="2024-05-12T02:25:51 EDT" depends-on-methods="Capstone.AutomationPractice6.TestOfVerification6.signin" finished-at="2024-05-12T02:25:58 EDT">
          <reporter-output>
          </reporter-output>
        </test-method> <!-- f -->
        <test-method status="PASS" signature="afterMethod()[pri:0, instance:Capstone.AutomationPractice6.TestOfVerification6@6121c9d6]" name="afterMethod" is-config="true" duration-ms="3873" started-at="2024-05-12T02:25:58 EDT" finished-at="2024-05-12T02:26:02 EDT">
          <reporter-output>
          </reporter-output>
        </test-method> <!-- afterMethod -->
      </class> <!-- Capstone.AutomationPractice6.TestOfVerification6 -->
      <class name="Capstone.AutomationPractice6.Points">
        <test-method status="PASS" signature="Browsers(java.lang.String,java.lang.String)[pri:0, instance:Capstone.AutomationPractice6.Points@87f383f]" name="Browsers" is-config="true" duration-ms="2364" started-at="2024-05-12T02:24:25 EDT" finished-at="2024-05-12T02:24:28 EDT">
          <params>
            <param index="0">
              <value>
                <![CDATA[Chrome]]>
              </value>
            </param>
            <param index="1">
              <value>
                <![CDATA[https://www.facebook.com]]>
              </value>
            </param>
          </params>
          <reporter-output>
          </reporter-output>
        </test-method> <!-- Browsers -->
        <test-method status="PASS" signature="f(java.lang.String,java.lang.String)[pri:0, instance:Capstone.AutomationPractice6.Points@87f383f]" name="f" duration-ms="391" started-at="2024-05-12T02:24:28 EDT" data-provider="dp" finished-at="2024-05-12T02:24:28 EDT">
          <params>
            <param index="0">
              <value>
                <![CDATA[Ali]]>
              </value>
            </param>
            <param index="1">
              <value>
                <![CDATA[abcdef]]>
              </value>
            </param>
          </params>
          <reporter-output>
          </reporter-output>
        </test-method> <!-- f -->
        <test-method status="PASS" signature="afterMethod()[pri:0, instance:Capstone.AutomationPractice6.Points@87f383f]" name="afterMethod" is-config="true" duration-ms="3979" started-at="2024-05-12T02:24:39 EDT" finished-at="2024-05-12T02:24:43 EDT">
          <reporter-output>
          </reporter-output>
        </test-method> <!-- afterMethod -->
        <test-method status="PASS" signature="Browsers(java.lang.String,java.lang.String)[pri:0, instance:Capstone.AutomationPractice6.Points@87f383f]" name="Browsers" is-config="true" duration-ms="2380" started-at="2024-05-12T02:24:43 EDT" finished-at="2024-05-12T02:24:45 EDT">
          <params>
            <param index="0">
              <value>
                <![CDATA[Chrome]]>
              </value>
            </param>
            <param index="1">
              <value>
                <![CDATA[https://www.facebook.com]]>
              </value>
            </param>
          </params>
          <reporter-output>
          </reporter-output>
        </test-method> <!-- Browsers -->
        <test-method status="PASS" signature="f(java.lang.String,java.lang.String)[pri:0, instance:Capstone.AutomationPractice6.Points@87f383f]" name="f" duration-ms="382" started-at="2024-05-12T02:24:45 EDT" data-provider="dp" finished-at="2024-05-12T02:24:45 EDT">
          <params>
            <param index="0">
              <value>
                <![CDATA[Saleem]]>
              </value>
            </param>
            <param index="1">
              <value>
                <![CDATA[ghijkl]]>
              </value>
            </param>
          </params>
          <reporter-output>
          </reporter-output>
        </test-method> <!-- f -->
        <test-method status="PASS" signature="afterMethod()[pri:0, instance:Capstone.AutomationPractice6.Points@87f383f]" name="afterMethod" is-config="true" duration-ms="3879" started-at="2024-05-12T02:24:48 EDT" finished-at="2024-05-12T02:24:52 EDT">
          <reporter-output>
          </reporter-output>
        </test-method> <!-- afterMethod -->
        <test-method status="PASS" signature="Browsers(java.lang.String,java.lang.String)[pri:0, instance:Capstone.AutomationPractice6.Points@87f383f]" name="Browsers" is-config="true" duration-ms="2350" started-at="2024-05-12T02:24:52 EDT" finished-at="2024-05-12T02:24:54 EDT">
          <params>
            <param index="0">
              <value>
                <![CDATA[Chrome]]>
              </value>
            </param>
            <param index="1">
              <value>
                <![CDATA[https://www.facebook.com]]>
              </value>
            </param>
          </params>
          <reporter-output>
          </reporter-output>
        </test-method> <!-- Browsers -->
        <test-method status="PASS" signature="f(java.lang.String,java.lang.String)[pri:0, instance:Capstone.AutomationPractice6.Points@87f383f]" name="f" duration-ms="425" started-at="2024-05-12T02:24:54 EDT" data-provider="dp" finished-at="2024-05-12T02:24:54 EDT">
          <params>
            <param index="0">
              <value>
                <![CDATA[Rabia]]>
              </value>
            </param>
            <param index="1">
              <value>
                <![CDATA[mnopqrs]]>
              </value>
            </param>
          </params>
          <reporter-output>
          </reporter-output>
        </test-method> <!-- f -->
        <test-method status="PASS" signature="afterMethod()[pri:0, instance:Capstone.AutomationPractice6.Points@87f383f]" name="afterMethod" is-config="true" duration-ms="3992" started-at="2024-05-12T02:25:11 EDT" finished-at="2024-05-12T02:25:15 EDT">
          <reporter-output>
          </reporter-output>
        </test-method> <!-- afterMethod -->
      </class> <!-- Capstone.AutomationPractice6.Points -->
      <class name="Capstone.AutomationPractice6.Property">
        <test-method status="PASS" signature="Browsers(java.lang.String,java.lang.String)[pri:0, instance:Capstone.AutomationPractice6.Property@4eb7f003]" name="Browsers" is-config="true" duration-ms="2408" started-at="2024-05-12T02:25:15 EDT" finished-at="2024-05-12T02:25:17 EDT">
          <params>
            <param index="0">
              <value>
                <![CDATA[Chrome]]>
              </value>
            </param>
            <param index="1">
              <value>
                <![CDATA[https://www.facebook.com]]>
              </value>
            </param>
          </params>
          <reporter-output>
          </reporter-output>
        </test-method> <!-- Browsers -->
        <test-method status="PASS" signature="f()[pri:0, instance:Capstone.AutomationPractice6.Property@4eb7f003]" name="f" duration-ms="48" started-at="2024-05-12T02:25:17 EDT" finished-at="2024-05-12T02:25:17 EDT">
          <reporter-output>
          </reporter-output>
        </test-method> <!-- f -->
        <test-method status="PASS" signature="afterMethod()[pri:0, instance:Capstone.AutomationPractice6.Property@4eb7f003]" name="afterMethod" is-config="true" duration-ms="3754" started-at="2024-05-12T02:25:17 EDT" finished-at="2024-05-12T02:25:21 EDT">
          <reporter-output>
          </reporter-output>
        </test-method> <!-- afterMethod -->
      </class> <!-- Capstone.AutomationPractice6.Property -->
      <class name="Capstone.AutomationPractice6.SignToAmazon">
        <test-method status="PASS" signature="Browsers(java.lang.String,java.lang.String)[pri:0, instance:Capstone.AutomationPractice6.SignToAmazon@3e57cd70]" name="Browsers" is-config="true" duration-ms="3329" started-at="2024-05-12T02:24:17 EDT" finished-at="2024-05-12T02:24:21 EDT">
          <params>
            <param index="0">
              <value>
                <![CDATA[Chrome]]>
              </value>
            </param>
            <param index="1">
              <value>
                <![CDATA[https://www.facebook.com]]>
              </value>
            </param>
          </params>
          <reporter-output>
          </reporter-output>
        </test-method> <!-- Browsers -->
        <test-method status="PASS" signature="f()[pri:0, instance:Capstone.AutomationPractice6.SignToAmazon@3e57cd70]" name="f" duration-ms="641" started-at="2024-05-12T02:24:21 EDT" finished-at="2024-05-12T02:24:21 EDT">
          <reporter-output>
          </reporter-output>
        </test-method> <!-- f -->
        <test-method status="PASS" signature="afterMethod()[pri:0, instance:Capstone.AutomationPractice6.SignToAmazon@3e57cd70]" name="afterMethod" is-config="true" duration-ms="3712" started-at="2024-05-12T02:24:22 EDT" finished-at="2024-05-12T02:24:25 EDT">
          <reporter-output>
          </reporter-output>
        </test-method> <!-- afterMethod -->
      </class> <!-- Capstone.AutomationPractice6.SignToAmazon -->
    </test> <!-- Regressiontesting -->
  </suite> <!-- Functionaltestingsuite -->
</testng-results>
