<?xml version="1.0" encoding="UTF-8"?>
<testng-results skipped="0" failed="0" ignored="0" total="2" passed="2">
  <reporter-output>
  </reporter-output>
  <suite name="Functionaltestingsuite" duration-ms="8436" started-at="2024-05-06T03:52:44 EDT" finished-at="2024-05-06T03:52:52 EDT">
    <groups>
    </groups>
    <test name="Regressiontesting" duration-ms="7508" started-at="2024-05-06T03:52:44 EDT" finished-at="2024-05-06T03:52:51 EDT">
      <class name="Capstone.AutomationPractice6.Property">
        <test-method status="PASS" signature="Browsers(java.lang.String,java.lang.String)[pri:0, instance:Capstone.AutomationPractice6.Property@c46bcd4]" name="Browsers" is-config="true" duration-ms="3575" started-at="2024-05-06T03:52:44 EDT" finished-at="2024-05-06T03:52:48 EDT">
          <params>
            <param index="0">
              <value>
                <![CDATA[Chrome]]>
              </value>
            </param>
            <param index="1">
              <value>
                <![CDATA[https://www.facebook.com]]>
              </value>
            </param>
          </params>
          <reporter-output>
          </reporter-output>
        </test-method> <!-- Browsers -->
        <test-method status="PASS" signature="f()[pri:0, instance:Capstone.AutomationPractice6.Property@c46bcd4]" name="f" duration-ms="38" started-at="2024-05-06T03:52:48 EDT" finished-at="2024-05-06T03:52:48 EDT">
          <reporter-output>
          </reporter-output>
        </test-method> <!-- f -->
        <test-method status="PASS" signature="afterMethod()[pri:0, instance:Capstone.AutomationPractice6.Property@c46bcd4]" name="afterMethod" is-config="true" duration-ms="3730" started-at="2024-05-06T03:52:48 EDT" finished-at="2024-05-06T03:52:51 EDT">
          <reporter-output>
          </reporter-output>
        </test-method> <!-- afterMethod -->
      </class> <!-- Capstone.AutomationPractice6.Property -->
    </test> <!-- Regressiontesting -->
    <test name="RegressiontestingEdge" duration-ms="8435" started-at="2024-05-06T03:52:44 EDT" finished-at="2024-05-06T03:52:52 EDT">
      <class name="Capstone.AutomationPractice6.Property">
        <test-method status="PASS" signature="Browsers(java.lang.String,java.lang.String)[pri:0, instance:Capstone.AutomationPractice6.Property@cb0ed20]" name="Browsers" is-config="true" duration-ms="4390" started-at="2024-05-06T03:52:44 EDT" finished-at="2024-05-06T03:52:48 EDT">
          <params>
            <param index="0">
              <value>
                <![CDATA[Edge]]>
              </value>
            </param>
            <param index="1">
              <value>
                <![CDATA[https://www.facebook.com]]>
              </value>
            </param>
          </params>
          <reporter-output>
          </reporter-output>
        </test-method> <!-- Browsers -->
        <test-method status="PASS" signature="f()[pri:0, instance:Capstone.AutomationPractice6.Property@cb0ed20]" name="f" duration-ms="40" started-at="2024-05-06T03:52:48 EDT" finished-at="2024-05-06T03:52:48 EDT">
          <reporter-output>
          </reporter-output>
        </test-method> <!-- f -->
        <test-method status="PASS" signature="afterMethod()[pri:0, instance:Capstone.AutomationPractice6.Property@cb0ed20]" name="afterMethod" is-config="true" duration-ms="3827" started-at="2024-05-06T03:52:49 EDT" finished-at="2024-05-06T03:52:52 EDT">
          <reporter-output>
          </reporter-output>
        </test-method> <!-- afterMethod -->
      </class> <!-- Capstone.AutomationPractice6.Property -->
    </test> <!-- RegressiontestingEdge -->
  </suite> <!-- Functionaltestingsuite -->
</testng-results>
